<?xml version="1.0" encoding="UTF-8"?>
<!-- Generated by org.testng.reporters.JUnitReportReporter -->
<testsuite hostname="MANISHREDDY" name="mypack.Testcase1" tests="3" failures="0" timestamp="26 Sep 2020 02:23:04 GMT" time="29.179" errors="0">
  <testcase name="mouseover" time="6.178" classname="mypack.Testcase1"/>
  <testcase name="verifylogin" time="5.338" classname="mypack.Testcase1"/>
  <testcase name="addemp" time="17.663" classname="mypack.Testcase1"/>
</testsuite> <!-- mypack.Testcase1 -->
